<?xml version="1.0" encoding="UTF-8"?>
<!-- Generated by org.testng.reporters.JUnitXMLReporter -->
<testsuite ignored="0" hostname="DESKTOP-QPO8K3C" failures="0" tests="7" name="Test" time="188.836" errors="0" timestamp="2020-11-16T22:40:17 IST">
  <testcase classname="testCases.HomePageTest" name="numberOfLinksInRightSection" time="1.327"/>
  <testcase classname="testCases.HomePageTest" name="oneRoundTripWithoutDepDate" time="93.452"/>
  <testcase classname="testCases.HomePageTest" name="numberOfLinksInLeftSection" time="0.418"/>
  <testcase classname="testCases.HomePageTest" name="titleOfLinksRightSection" time="31.399"/>
  <testcase classname="testCases.HomePageTest" name="validateOfOneRoundTrip" time="41.347"/>
  <testcase classname="testCases.HomePageTest" name="departureTime_Stops_Airlines" time="0.509"/>
  <testcase classname="testCases.HomePageTest" name="ValidateFilterResult" time="6.967"/>
</testsuite> <!-- Test -->
