<?xml version="1.0" encoding="UTF-8"?>
<!-- Generated by org.testng.reporters.JUnitXMLReporter -->
<testsuite ignored="0" hostname="DESKTOP-QPO8K3C" failures="0" tests="5" name="Flights(failed)" time="113.082" errors="0" timestamp="2020-11-22T22:07:02 IST">
  <testcase classname="testCases.GoStayTest" name="trendingDestinationCount" time="43.41"/>
  <testcase classname="testCases.GoStayTest" name="selectTrendingCity" time="1.85"/>
  <testcase classname="testCases.GoStayTest" name="suggestionList" time="0.31"/>
  <testcase classname="testCases.GoStayTest" name="suggestionListSelection" time="0.418"/>
  <testcase classname="testCases.GoStayTest" name="validationBootomLinks" time="35.221"/>
</testsuite> <!-- Flights(failed) -->
