<?xml version="1.0" encoding="UTF-8"?>
<!-- Generated by org.testng.reporters.JUnitXMLReporter -->
<testsuite ignored="0" hostname="DESKTOP-QPO8K3C" failures="0" tests="3" name="Default test" time="60.064" errors="0" timestamp="2020-10-29T22:06:53 IST">
  <testcase classname="testCases.HomePageTest" name="numberOfLinksInLeftSection" time="0.577"/>
  <testcase classname="testCases.HomePageTest" name="numberOfLinksInRightSection" time="0.563"/>
  <testcase classname="testCases.HomePageTest" name="titleOfLinksRightSection" time="32.092"/>
</testsuite> <!-- Default test -->
