<?xml version="1.0" encoding="UTF-8"?>
<!-- Generated by org.testng.reporters.JUnitXMLReporter -->
<testsuite hostname="LAPTOP-G1AJ66R1" ignored="0" name="Test" tests="4" failures="0" timestamp="2020-11-29T17:40:18 IST" time="91.084" errors="0">
  <testcase name="openHealthSuccessApp" time="52.584" classname="testClassesStepDefinations.HealthcareSuccessTests"/>
  <testcase name="requestProppsalStep_1_HelSuccess" time="4.28" classname="testClassesStepDefinations.HealthcareSuccessTests"/>
  <testcase name="requestProppsalStep_2_HelSuccess" time="1.865" classname="testClassesStepDefinations.HealthcareSuccessTests"/>
  <testcase name="requestProppsalStep_3_HelSuccess" time="1.59" classname="testClassesStepDefinations.HealthcareSuccessTests"/>
</testsuite> <!-- Test -->
