<?xml version="1.0" encoding="UTF-8"?>
<!-- Generated by org.testng.reporters.JUnitXMLReporter -->
<testsuite hostname="LAPTOP-G1AJ66R1" ignored="0" name="Test basic" tests="2" failures="2" timestamp="2020-11-26T20:51:32 IST" time="0.064" errors="0">
  <testcase name="checkFlightlink" time="0.011" classname="testClassesStepDefinations.HealthcareSuccessTests">
    <failure type="java.lang.NullPointerException">
      <![CDATA[java.lang.NullPointerException
at java.io.FileInputStream.<init>(FileInputStream.java:130)
at java.io.FileInputStream.<init>(FileInputStream.java:93)
at resources.ReadExcelData.<init>(ReadExcelData.java:28)
at testClassesStepDefinations.HealthcareSuccessTests.checkFlightlink(HealthcareSuccessTests.java:41)
at java.util.ArrayList.forEach(ArrayList.java:1257)
... Removed 27 stack frames]]>
    </failure>
  </testcase> <!-- checkFlightlink -->
  <testcase name="openHeapthSuccessApp" time="0.001" classname="testClassesStepDefinations.HealthcareSuccessTests">
    <failure type="java.lang.NullPointerException">
      <![CDATA[java.lang.NullPointerException
at java.io.FileInputStream.<init>(FileInputStream.java:130)
at java.io.FileInputStream.<init>(FileInputStream.java:93)
at resources.ReadExcelData.<init>(ReadExcelData.java:28)
at testClassesStepDefinations.HealthcareSuccessTests.openHeapthSuccessApp(HealthcareSuccessTests.java:25)
at java.util.ArrayList.forEach(ArrayList.java:1257)
... Removed 27 stack frames]]>
    </failure>
  </testcase> <!-- openHeapthSuccessApp -->
</testsuite> <!-- Test basic -->
