<?xml version="1.0" encoding="UTF-8"?>
<!-- Generated by org.testng.reporters.JUnitXMLReporter -->
<testsuite hostname="LAPTOP-G1AJ66R1" ignored="0" name="Test" tests="2" failures="2" timestamp="2020-11-26T21:10:33 IST" time="0.071" errors="0">
  <testcase name="openHeapthSuccessApp" time="0.015" classname="testClassesStepDefinations.HealthcareSuccessTests">
    <failure type="java.lang.NullPointerException">
      <![CDATA[java.lang.NullPointerException
at java.io.FileInputStream.<init>(FileInputStream.java:130)
at java.io.FileInputStream.<init>(FileInputStream.java:93)
at resources.ReadExcelData.<init>(ReadExcelData.java:28)
at testClassesStepDefinations.HealthcareSuccessTests.openHeapthSuccessApp(HealthcareSuccessTests.java:26)
at java.util.ArrayList.forEach(ArrayList.java:1257)
... Removed 27 stack frames]]>
    </failure>
  </testcase> <!-- openHeapthSuccessApp -->
  <testcase name="requestProppsalStep_lHelSuccess" time="0.016" classname="testClassesStepDefinations.HealthcareSuccessTests">
    <failure type="java.lang.NullPointerException">
      <![CDATA[java.lang.NullPointerException
at java.io.FileInputStream.<init>(FileInputStream.java:130)
at java.io.FileInputStream.<init>(FileInputStream.java:93)
at resources.ReadExcelData.<init>(ReadExcelData.java:28)
at testClassesStepDefinations.HealthcareSuccessTests.requestProppsalStep_lHelSuccess(HealthcareSuccessTests.java:42)
at java.util.ArrayList.forEach(ArrayList.java:1257)
... Removed 27 stack frames]]>
    </failure>
  </testcase> <!-- requestProppsalStep_lHelSuccess -->
</testsuite> <!-- Test -->
