<?xml version="1.0" encoding="UTF-8"?>
<!-- Generated by org.testng.reporters.JUnitXMLReporter -->
<testsuite ignored="0" hostname="DESKTOP-QPO8K3C" failures="0" tests="9" name="Flights" time="222.204" errors="0" timestamp="2020-11-30T22:49:00 IST">
  <testcase classname="testCases.HomePageTest" name="numberOfLinksInLeftSection" time="1.6"/>
  <testcase classname="testCases.HomePageTest" name="numberOfLinksInRightSection" time="0.732"/>
  <testcase classname="testCases.HomePageTest" name="oneRoundTripWithoutDepDate" time="114.058"/>
  <testcase classname="testCases.HomePageTest" name="titleOfLinksRightSection" time="33.6"/>
  <testcase classname="testCases.HomePageTest" name="validateOfOneRoundTrip" time="41.906"/>
  <testcase classname="testCases.HomePageTest" name="departureTime_Stops_Airlines" time="0.549"/>
  <testcase classname="testCases.HomePageTest" name="ValidateFilterResult" time="8.354"/>
  <testcase classname="testCases.HomePageTest" name="resetSortingPrice" time="1.571"/>
  <testcase classname="testCases.HomePageTest" name="flightBooking" time="4.992"/>
</testsuite> <!-- Flights -->
