<?xml version="1.0" encoding="UTF-8"?>
<!-- Generated by org.testng.reporters.JUnitXMLReporter -->
<testsuite hostname="LAPTOP-G1AJ66R1" ignored="0" name="Default test" tests="4" failures="0" timestamp="2020-11-27T00:00:55 IST" time="69.998" errors="0">
  <testcase name="openHealthSuccessApp" time="35.969" classname="testClassesStepDefinations.HealthcareSuccessTests"/>
  <testcase name="requestProppsalStep_1_HelSuccess" time="1.233" classname="testClassesStepDefinations.HealthcareSuccessTests"/>
  <testcase name="requestProppsalStep_2_HelSuccess" time="1.768" classname="testClassesStepDefinations.HealthcareSuccessTests"/>
  <testcase name="requestProppsalStep_3_HelSuccess" time="2.119" classname="testClassesStepDefinations.HealthcareSuccessTests"/>
</testsuite> <!-- Default test -->
