<?xml version="1.0" encoding="UTF-8"?>
<testng-results ignored="0" total="3" passed="3" failed="0" skipped="0">
  <reporter-output>
  </reporter-output>
  <suite started-at="2020-10-29T22:05:53 IST" name="Default suite" finished-at="2020-10-29T22:06:53 IST" duration-ms="60064">
    <groups>
    </groups>
    <test started-at="2020-10-29T22:05:53 IST" name="Default test" finished-at="2020-10-29T22:06:53 IST" duration-ms="60064">
      <class name="testCases.HomePageTest">
        <test-method is-config="true" signature="initialize()[pri:0, instance:testCases.HomePageTest@75329a49]" started-at="2020-10-29T22:05:53 IST" name="initialize" finished-at="2020-10-29T22:06:19 IST" duration-ms="25838" status="PASS">
          <reporter-output>
          </reporter-output>
        </test-method> <!-- initialize -->
        <test-method signature="numberOfLinksInLeftSection()[pri:0, instance:testCases.HomePageTest@75329a49]" started-at="2020-10-29T22:06:19 IST" name="numberOfLinksInLeftSection" finished-at="2020-10-29T22:06:20 IST" duration-ms="577" status="PASS">
          <reporter-output>
          </reporter-output>
        </test-method> <!-- numberOfLinksInLeftSection -->
        <test-method signature="numberOfLinksInRightSection()[pri:0, instance:testCases.HomePageTest@75329a49]" started-at="2020-10-29T22:06:20 IST" name="numberOfLinksInRightSection" finished-at="2020-10-29T22:06:20 IST" duration-ms="563" status="PASS">
          <reporter-output>
          </reporter-output>
        </test-method> <!-- numberOfLinksInRightSection -->
        <test-method signature="titleOfLinksRightSection()[pri:0, instance:testCases.HomePageTest@75329a49]" started-at="2020-10-29T22:06:20 IST" name="titleOfLinksRightSection" finished-at="2020-10-29T22:06:52 IST" duration-ms="32092" status="PASS">
          <reporter-output>
          </reporter-output>
        </test-method> <!-- titleOfLinksRightSection -->
        <test-method is-config="true" signature="tearDown()[pri:0, instance:testCases.HomePageTest@75329a49]" started-at="2020-10-29T22:06:52 IST" name="tearDown" finished-at="2020-10-29T22:06:53 IST" duration-ms="915" status="PASS">
          <reporter-output>
          </reporter-output>
        </test-method> <!-- tearDown -->
      </class> <!-- testCases.HomePageTest -->
    </test> <!-- Default test -->
  </suite> <!-- Default suite -->
</testng-results>
