<?xml version="1.0" encoding="UTF-8"?>
<!-- Generated by org.testng.reporters.JUnitXMLReporter -->
<testsuite hostname="LAPTOP-G1AJ66R1" ignored="6" name="Test(failed)" tests="2" failures="2" timestamp="2020-11-19T20:14:43 IST" time="0.148" errors="0">
  <testcase name="checkHotelLink" time="0.024" classname="Automation.HomePage">
    <failure type="java.lang.NullPointerException">
      <![CDATA[java.lang.NullPointerException
at Automation.HomePage.checkHotelLink(HomePage.java:78)
at java.util.ArrayList.forEach(ArrayList.java:1257)
... Removed 27 stack frames]]>
    </failure>
  </testcase> <!-- checkHotelLink -->
  <testcase name="checkHotelLink" time="0.12" classname="Automation.HomePage">
    <failure type="java.lang.NullPointerException">
      <![CDATA[java.lang.NullPointerException
at Automation.base.getScreenShot(base.java:53)
at Automation.Listeners.onTestFailure(Listeners.java:44)
at java.util.ArrayList.forEach(ArrayList.java:1257)
... Removed 24 stack frames]]>
    </failure>
  </testcase> <!-- checkHotelLink -->
  <testcase name="initialize" time="0.0" classname="Automation.HomePage">
    <ignored/>
  </testcase> <!-- initialize -->
  <testcase name="openHomePage" time="0.0" classname="Automation.HomePage">
    <ignored/>
  </testcase> <!-- openHomePage -->
  <testcase name="checkCablink" time="0.0" classname="Automation.HomePage">
    <ignored/>
  </testcase> <!-- checkCablink -->
  <testcase name="checkRoundTrip" time="0.0" classname="Automation.HomePage">
    <ignored/>
  </testcase> <!-- checkRoundTrip -->
  <testcase name="getTitleOfPage" time="0.0" classname="Automation.HomePage">
    <ignored/>
  </testcase> <!-- getTitleOfPage -->
  <testcase name="validateLogoDisplayed" time="0.0" classname="Automation.HomePage">
    <ignored/>
  </testcase> <!-- validateLogoDisplayed -->
</testsuite> <!-- Test(failed) -->
