<?xml version="1.0" encoding="UTF-8"?>
<testng-results ignored="0" total="3" passed="3" failed="0" skipped="0">
  <reporter-output>
  </reporter-output>
  <suite started-at="2020-10-29T22:07:36 IST" name="Suite" finished-at="2020-10-29T22:08:25 IST" duration-ms="48576">
    <groups>
    </groups>
    <test started-at="2020-10-29T22:07:36 IST" name="Test" finished-at="2020-10-29T22:08:25 IST" duration-ms="48576">
      <class name="testCases.HomePageTest">
        <test-method is-config="true" signature="initialize()[pri:0, instance:testCases.HomePageTest@45f45fa1]" started-at="2020-10-29T22:07:36 IST" name="initialize" finished-at="2020-10-29T22:07:50 IST" duration-ms="13670" status="PASS">
          <reporter-output>
          </reporter-output>
        </test-method> <!-- initialize -->
        <test-method signature="numberOfLinksInLeftSection()[pri:0, instance:testCases.HomePageTest@45f45fa1]" started-at="2020-10-29T22:07:50 IST" name="numberOfLinksInLeftSection" finished-at="2020-10-29T22:07:51 IST" duration-ms="1118" status="PASS">
          <reporter-output>
          </reporter-output>
        </test-method> <!-- numberOfLinksInLeftSection -->
        <test-method signature="numberOfLinksInRightSection()[pri:0, instance:testCases.HomePageTest@45f45fa1]" started-at="2020-10-29T22:07:51 IST" name="numberOfLinksInRightSection" finished-at="2020-10-29T22:07:52 IST" duration-ms="583" status="PASS">
          <reporter-output>
          </reporter-output>
        </test-method> <!-- numberOfLinksInRightSection -->
        <test-method signature="titleOfLinksRightSection()[pri:0, instance:testCases.HomePageTest@45f45fa1]" started-at="2020-10-29T22:07:52 IST" name="titleOfLinksRightSection" finished-at="2020-10-29T22:08:24 IST" duration-ms="32209" status="PASS">
          <reporter-output>
          </reporter-output>
        </test-method> <!-- titleOfLinksRightSection -->
        <test-method is-config="true" signature="tearDown()[pri:0, instance:testCases.HomePageTest@45f45fa1]" started-at="2020-10-29T22:08:24 IST" name="tearDown" finished-at="2020-10-29T22:08:25 IST" duration-ms="898" status="PASS">
          <reporter-output>
          </reporter-output>
        </test-method> <!-- tearDown -->
      </class> <!-- testCases.HomePageTest -->
    </test> <!-- Test -->
  </suite> <!-- Suite -->
</testng-results>
