<?xml version="1.0" encoding="UTF-8"?>
<testng-results ignored="0" total="1" passed="1" failed="0" skipped="0">
  <reporter-output>
  </reporter-output>
  <suite started-at="2020-10-28T20:57:34 IST" name="Suite" finished-at="2020-10-28T20:57:55 IST" duration-ms="21293">
    <groups>
    </groups>
    <test started-at="2020-10-28T20:57:34 IST" name="Test" finished-at="2020-10-28T20:57:55 IST" duration-ms="21293">
      <class name="testCases.DemoTest">
        <test-method is-config="true" signature="initialize()[pri:0, instance:testCases.DemoTest@29f69090]" started-at="2020-10-28T20:57:34 IST" name="initialize" finished-at="2020-10-28T20:57:45 IST" duration-ms="10968" status="PASS">
          <reporter-output>
          </reporter-output>
        </test-method> <!-- initialize -->
        <test-method signature="launch()[pri:0, instance:testCases.DemoTest@29f69090]" started-at="2020-10-28T20:57:45 IST" name="launch" finished-at="2020-10-28T20:57:55 IST" duration-ms="10251" status="PASS">
          <reporter-output>
          </reporter-output>
        </test-method> <!-- launch -->
      </class> <!-- testCases.DemoTest -->
    </test> <!-- Test -->
  </suite> <!-- Suite -->
</testng-results>
